<?xml version="1.0" encoding="UTF-8"?>
<!-- Generated by org.testng.reporters.JUnitXMLReporter -->
<testsuite ignored="0" hostname="CHAOS" failures="0" tests="5" name="ExceptionsTest" time="50.776" errors="0" timestamp="2023-03-05T13:58:25 EST">
  <testcase classname="com.herokuapp.theinternet.ExceptionsTest" name="ElementNotInteractableException" time="13.221"/>
  <testcase classname="com.herokuapp.theinternet.ExceptionsTest" name="InvalidElementStateException" time="1.937"/>
  <testcase classname="com.herokuapp.theinternet.ExceptionsTest" name="NoSuchElement" time="6.756"/>
  <testcase classname="com.herokuapp.theinternet.ExceptionsTest" name="StaleElementReferenceException" time="1.895"/>
  <testcase classname="com.herokuapp.theinternet.ExceptionsTest" name="TimeoutException" time="6.99"/>
</testsuite> <!-- ExceptionsTest -->
