<?xml version="1.0" encoding="UTF-8"?>
<testng-results ignored="0" total="1" passed="1" failed="0" skipped="0">
  <reporter-output>
  </reporter-output>
  <suite started-at="2023-03-05T14:07:49 EST" name="Surefire suite" finished-at="2023-03-05T14:07:55 EST" duration-ms="5312">
    <groups>
    </groups>
    <test started-at="2023-03-05T14:07:49 EST" name="Surefire test" finished-at="2023-03-05T14:07:55 EST" duration-ms="5312">
      <class name="com.herokuapp.theinternet.PositiveTests">
        <test-method signature="loginTest()[pri:0, instance:com.herokuapp.theinternet.PositiveTests@7f1302d6]" started-at="2023-03-05T14:07:49 EST" name="loginTest" finished-at="2023-03-05T14:07:55 EST" duration-ms="5279" status="PASS">
          <reporter-output>
          </reporter-output>
        </test-method> <!-- loginTest -->
      </class> <!-- com.herokuapp.theinternet.PositiveTests -->
    </test> <!-- Surefire test -->
  </suite> <!-- Surefire suite -->
</testng-results>
