<?xml version="1.0" encoding="UTF-8"?>
<testng-results ignored="0" total="2" passed="2" failed="0" skipped="0">
  <reporter-output>
  </reporter-output>
  <suite started-at="2023-03-05T14:05:39 EST" name="NegativeTestsSuite" finished-at="2023-03-05T14:05:52 EST" duration-ms="12475">
    <groups>
      <group name="negativeTests">
        <method signature="NegativeTests.invalidTest(java.lang.String,java.lang.String,java.lang.String)[pri:1, instance:com.herokuapp.theinternet.NegativeTests@7b9a4292]" name="invalidTest" class="com.herokuapp.theinternet.NegativeTests"/>
        <method signature="NegativeTests.invalidTest(java.lang.String,java.lang.String,java.lang.String)[pri:1, instance:com.herokuapp.theinternet.NegativeTests@145f66e3]" name="invalidTest" class="com.herokuapp.theinternet.NegativeTests"/>
      </group> <!-- negativeTests -->
      <group name="smokeTest">
        <method signature="NegativeTests.invalidTest(java.lang.String,java.lang.String,java.lang.String)[pri:1, instance:com.herokuapp.theinternet.NegativeTests@7b9a4292]" name="invalidTest" class="com.herokuapp.theinternet.NegativeTests"/>
        <method signature="NegativeTests.invalidTest(java.lang.String,java.lang.String,java.lang.String)[pri:1, instance:com.herokuapp.theinternet.NegativeTests@145f66e3]" name="invalidTest" class="com.herokuapp.theinternet.NegativeTests"/>
      </group> <!-- smokeTest -->
    </groups>
    <test started-at="2023-03-05T14:05:39 EST" name="NegativeUserNameTest" finished-at="2023-03-05T14:05:45 EST" duration-ms="5929">
      <class name="com.herokuapp.theinternet.NegativeTests">
        <test-method signature="invalidTest(java.lang.String,java.lang.String,java.lang.String)[pri:1, instance:com.herokuapp.theinternet.NegativeTests@7b9a4292]" started-at="2023-03-05T14:05:39 EST" name="invalidTest" finished-at="2023-03-05T14:05:45 EST" duration-ms="5884" status="PASS">
          <params>
            <param index="0">
              <value>
                <![CDATA[BobSmith]]>
              </value>
            </param>
            <param index="1">
              <value>
                <![CDATA[SuperSecretPassword!]]>
              </value>
            </param>
            <param index="2">
              <value>
                <![CDATA[Your username is invalid!]]>
              </value>
            </param>
          </params>
          <reporter-output>
          </reporter-output>
        </test-method> <!-- invalidTest -->
      </class> <!-- com.herokuapp.theinternet.NegativeTests -->
    </test> <!-- NegativeUserNameTest -->
    <test started-at="2023-03-05T14:05:45 EST" name="NegativePasswordTest" finished-at="2023-03-05T14:05:52 EST" duration-ms="6496">
      <class name="com.herokuapp.theinternet.NegativeTests">
        <test-method signature="invalidTest(java.lang.String,java.lang.String,java.lang.String)[pri:1, instance:com.herokuapp.theinternet.NegativeTests@145f66e3]" started-at="2023-03-05T14:05:45 EST" name="invalidTest" finished-at="2023-03-05T14:05:52 EST" duration-ms="6493" status="PASS">
          <params>
            <param index="0">
              <value>
                <![CDATA[tomsmith]]>
              </value>
            </param>
            <param index="1">
              <value>
                <![CDATA[SuperSecretIncorrectPassword]]>
              </value>
            </param>
            <param index="2">
              <value>
                <![CDATA[Your password is invalid!]]>
              </value>
            </param>
          </params>
          <reporter-output>
          </reporter-output>
        </test-method> <!-- invalidTest -->
      </class> <!-- com.herokuapp.theinternet.NegativeTests -->
    </test> <!-- NegativePasswordTest -->
  </suite> <!-- NegativeTestsSuite -->
</testng-results>
