<?xml version="1.0" encoding="UTF-8"?>
<!-- Generated by org.testng.reporters.JUnitXMLReporter -->
<testsuite ignored="2" hostname="CHAOS" failures="0" tests="0" time="0.001" errors="0" timestamp="2023-03-05T14:05:30 EST">
  <testcase classname="com.herokuapp.theinternet.LoginTests" name="invalidTest" time="0.0">
    <ignored/>
  </testcase> <!-- invalidTest -->
  <testcase classname="com.herokuapp.theinternet.LoginTests" name="loginTest" time="0.0">
    <ignored/>
  </testcase> <!-- loginTest -->
</testsuite>
