<?xml version="1.0" encoding="UTF-8"?>
<!-- Generated by org.testng.reporters.JUnitXMLReporter -->
<testsuite ignored="1" hostname="CHAOS" failures="0" tests="1" name="PositiveLoginTest" time="3.647" errors="0" timestamp="2023-03-05T14:05:30 EST">
  <testcase classname="com.herokuapp.theinternet.LoginTests" name="loginTest" time="1.572"/>
  <testcase classname="com.herokuapp.theinternet.LoginTests" name="invalidTest" time="0.0">
    <ignored/>
  </testcase> <!-- invalidTest -->
</testsuite> <!-- PositiveLoginTest -->
